{"level":"info","message":"Hello from Acquisitions!","service":"acquisitions-api"}
{"level":"info","message":"::1 - - [17/Dec/2025:17:22:04 +0000] \"GET / HTTP/1.1\" 200 25 \"-\" \"Mozilla/5.0 (Windows NT 10.0; Win64; x64) AppleWebKit/537.36 (KHTML, like Gecko) Chrome/142.0.0.0 Safari/537.36\"","service":"acquisitions-api"}
{"level":"info","message":"Hello from Acquisitions!","service":"acquisitions-api"}
{"level":"info","message":"::1 - - [17/Dec/2025:17:22:32 +0000] \"GET / HTTP/1.1\" 200 24 \"-\" \"Mozilla/5.0 (Windows NT 10.0; Win64; x64) AppleWebKit/537.36 (KHTML, like Gecko) Chrome/142.0.0.0 Safari/537.36\"","service":"acquisitions-api"}
{"level":"info","message":"Hello from Acquisitions!","service":"acquisitions-api"}
{"level":"info","message":"::1 - - [17/Dec/2025:17:33:39 +0000] \"GET / HTTP/1.1\" 304 - \"-\" \"Mozilla/5.0 (Windows NT 10.0; Win64; x64) AppleWebKit/537.36 (KHTML, like Gecko) Chrome/142.0.0.0 Safari/537.36\"","service":"acquisitions-api"}
{"level":"info","message":"Hello from Acquisitions!","service":"acquisitions-api"}
{"level":"info","message":"::1 - - [17/Dec/2025:17:38:31 +0000] \"GET / HTTP/1.1\" 304 - \"-\" \"Mozilla/5.0 (Windows NT 10.0; Win64; x64) AppleWebKit/537.36 (KHTML, like Gecko) Chrome/142.0.0.0 Safari/537.36\"","service":"acquisitions-api"}
{"level":"info","message":"Hello from Acquisitions!","service":"acquisitions-api"}
{"level":"info","message":"::1 - - [17/Dec/2025:17:40:15 +0000] \"GET / HTTP/1.1\" 304 - \"-\" \"Mozilla/5.0 (Windows NT 10.0; Win64; x64) AppleWebKit/537.36 (KHTML, like Gecko) Chrome/142.0.0.0 Safari/537.36\"","service":"acquisitions-api"}
{"level":"info","message":"Hello from Acquisitions!","service":"acquisitions-api"}
{"level":"info","message":"::1 - - [17/Dec/2025:17:41:20 +0000] \"GET / HTTP/1.1\" 200 24 \"-\" \"HTTPie\"","service":"acquisitions-api"}
{"level":"info","message":"::1 - - [17/Dec/2025:17:42:02 +0000] \"GET /api HTTP/1.1\" 200 42 \"-\" \"HTTPie\"","service":"acquisitions-api"}
{"level":"info","message":"::1 - - [17/Dec/2025:17:42:12 +0000] \"GET /health HTTP/1.1\" 200 74 \"-\" \"HTTPie\"","service":"acquisitions-api"}
{"level":"info","message":"::1 - - [17/Dec/2025:17:42:34 +0000] \"POST /api/auth/sign-in HTTP/1.1\" 200 31 \"-\" \"HTTPie\"","service":"acquisitions-api"}
{"level":"info","message":"::1 - - [18/Dec/2025:16:31:20 +0000] \"GET /favicon.ico HTTP/1.1\" 404 150 \"-\" \"Mozilla/5.0 (Windows NT 10.0; Win64; x64) AppleWebKit/537.36 (KHTML, like Gecko) Chrome/143.0.0.0 Safari/537.36\"","service":"acquisitions-api"}
{"level":"info","message":"::1 - - [18/Dec/2025:17:49:00 +0000] \"POST /api/auth/sign-up HTTP/1.1\" 200 31 \"-\" \"HTTPie\"","service":"acquisitions-api"}
{"level":"info","message":"Hello from Acquisitions!","service":"acquisitions-api"}
{"level":"info","message":"::1 - - [18/Dec/2025:17:56:20 +0000] \"GET / HTTP/1.1\" 200 24 \"-\" \"Mozilla/5.0 (Windows NT 10.0; Win64; x64) AppleWebKit/537.36 (KHTML, like Gecko) Chrome/143.0.0.0 Safari/537.36\"","service":"acquisitions-api"}
{"level":"info","message":"::1 - - [18/Dec/2025:17:56:20 +0000] \"GET /favicon.ico HTTP/1.1\" 404 150 \"-\" \"Mozilla/5.0 (Windows NT 10.0; Win64; x64) AppleWebKit/537.36 (KHTML, like Gecko) Chrome/143.0.0.0 Safari/537.36\"","service":"acquisitions-api"}
{"level":"info","message":"::1 - - [18/Dec/2025:17:56:24 +0000] \"POST /api/auth/sign-up HTTP/1.1\" 400 248 \"-\" \"HTTPie\"","service":"acquisitions-api"}
{"level":"info","message":"::1 - - [18/Dec/2025:18:02:17 +0000] \"POST /api/auth/sign-up HTTP/1.1\" 400 144 \"-\" \"HTTPie\"","service":"acquisitions-api"}
{"level":"info","message":"User registered successfully: ash@gmail.com","service":"acquisitions-api"}
{"level":"info","message":"::1 - - [18/Dec/2025:18:02:34 +0000] \"POST /api/auth/sign-up HTTP/1.1\" 201 96 \"-\" \"HTTPie\"","service":"acquisitions-api"}
{"level":"info","message":"Hello from Acquisitions!","service":"acquisitions-api"}
{"level":"info","message":"::1 - - [20/Dec/2025:12:20:30 +0000] \"GET / HTTP/1.1\" 304 - \"-\" \"Mozilla/5.0 (Windows NT 10.0; Win64; x64) AppleWebKit/537.36 (KHTML, like Gecko) Chrome/143.0.0.0 Safari/537.36\"","service":"acquisitions-api"}
{"level":"info","message":"::1 - - [20/Dec/2025:12:20:30 +0000] \"GET /favicon.ico HTTP/1.1\" 404 150 \"-\" \"Mozilla/5.0 (Windows NT 10.0; Win64; x64) AppleWebKit/537.36 (KHTML, like Gecko) Chrome/143.0.0.0 Safari/537.36\"","service":"acquisitions-api"}
{"level":"info","message":"::1 - - [20/Dec/2025:13:37:39 +0000] \"POST /api/auth/sign-up HTTP/1.1\" 400 92 \"-\" \"HTTPie\"","service":"acquisitions-api"}
{"level":"info","message":"::1 - - [20/Dec/2025:13:43:01 +0000] \"POST /api/auth/sign-up HTTP/1.1\" 400 92 \"-\" \"HTTPie\"","service":"acquisitions-api"}
{"level":"info","message":"::1 - - [20/Dec/2025:13:43:02 +0000] \"POST /api/auth/sign-up HTTP/1.1\" 400 92 \"-\" \"HTTPie\"","service":"acquisitions-api"}
{"level":"info","message":"::1 - - [20/Dec/2025:13:43:02 +0000] \"POST /api/auth/sign-up HTTP/1.1\" 400 92 \"-\" \"HTTPie\"","service":"acquisitions-api"}
{"level":"info","message":"::1 - - [20/Dec/2025:13:43:02 +0000] \"POST /api/auth/sign-up HTTP/1.1\" 400 92 \"-\" \"HTTPie\"","service":"acquisitions-api"}
{"level":"info","message":"::1 - - [20/Dec/2025:13:43:02 +0000] \"POST /api/auth/sign-up HTTP/1.1\" 400 92 \"-\" \"HTTPie\"","service":"acquisitions-api"}
{"level":"info","message":"::1 - - [20/Dec/2025:13:43:02 +0000] \"POST /api/auth/sign-up HTTP/1.1\" 400 92 \"-\" \"HTTPie\"","service":"acquisitions-api"}
{"level":"info","message":"::1 - - [20/Dec/2025:13:43:03 +0000] \"POST /api/auth/sign-up HTTP/1.1\" 400 92 \"-\" \"HTTPie\"","service":"acquisitions-api"}
{"level":"info","message":"::1 - - [20/Dec/2025:13:43:03 +0000] \"POST /api/auth/sign-up HTTP/1.1\" 400 92 \"-\" \"HTTPie\"","service":"acquisitions-api"}
{"level":"info","message":"::1 - - [20/Dec/2025:13:43:03 +0000] \"POST /api/auth/sign-up HTTP/1.1\" 400 92 \"-\" \"HTTPie\"","service":"acquisitions-api"}
{"level":"info","message":"::1 - - [20/Dec/2025:13:43:03 +0000] \"POST /api/auth/sign-up HTTP/1.1\" 400 92 \"-\" \"HTTPie\"","service":"acquisitions-api"}
{"level":"info","message":"::1 - - [20/Dec/2025:13:43:03 +0000] \"POST /api/auth/sign-up HTTP/1.1\" 400 92 \"-\" \"HTTPie\"","service":"acquisitions-api"}
{"level":"info","message":"::1 - - [20/Dec/2025:13:43:04 +0000] \"POST /api/auth/sign-up HTTP/1.1\" 400 92 \"-\" \"HTTPie\"","service":"acquisitions-api"}
{"level":"info","message":"::1 - - [20/Dec/2025:13:43:04 +0000] \"POST /api/auth/sign-up HTTP/1.1\" 400 92 \"-\" \"HTTPie\"","service":"acquisitions-api"}
{"level":"info","message":"::1 - - [20/Dec/2025:13:43:04 +0000] \"POST /api/auth/sign-up HTTP/1.1\" 400 92 \"-\" \"HTTPie\"","service":"acquisitions-api"}
{"level":"info","message":"::1 - - [20/Dec/2025:13:43:04 +0000] \"POST /api/auth/sign-up HTTP/1.1\" 400 92 \"-\" \"HTTPie\"","service":"acquisitions-api"}
{"level":"info","message":"::1 - - [20/Dec/2025:13:43:04 +0000] \"POST /api/auth/sign-up HTTP/1.1\" 400 92 \"-\" \"HTTPie\"","service":"acquisitions-api"}
{"level":"info","message":"::1 - - [20/Dec/2025:13:43:04 +0000] \"POST /api/auth/sign-up HTTP/1.1\" 400 92 \"-\" \"HTTPie\"","service":"acquisitions-api"}
{"level":"info","message":"::1 - - [20/Dec/2025:13:46:37 +0000] \"POST /api/auth/sign-up HTTP/1.1\" 400 92 \"-\" \"HTTPie\"","service":"acquisitions-api"}
{"level":"info","message":"::1 - - [20/Dec/2025:13:46:38 +0000] \"POST /api/auth/sign-up HTTP/1.1\" 400 92 \"-\" \"HTTPie\"","service":"acquisitions-api"}
{"level":"info","message":"::1 - - [20/Dec/2025:13:46:39 +0000] \"POST /api/auth/sign-up HTTP/1.1\" 400 92 \"-\" \"HTTPie\"","service":"acquisitions-api"}
{"level":"info","message":"::1 - - [20/Dec/2025:13:46:39 +0000] \"POST /api/auth/sign-up HTTP/1.1\" 400 92 \"-\" \"HTTPie\"","service":"acquisitions-api"}
{"level":"info","message":"::1 - - [20/Dec/2025:13:46:39 +0000] \"POST /api/auth/sign-up HTTP/1.1\" 400 92 \"-\" \"HTTPie\"","service":"acquisitions-api"}
{"level":"info","message":"::1 - - [20/Dec/2025:13:46:39 +0000] \"POST /api/auth/sign-up HTTP/1.1\" 400 92 \"-\" \"HTTPie\"","service":"acquisitions-api"}
{"level":"info","message":"::1 - - [20/Dec/2025:13:46:39 +0000] \"POST /api/auth/sign-up HTTP/1.1\" 400 92 \"-\" \"HTTPie\"","service":"acquisitions-api"}
{"level":"info","message":"::1 - - [20/Dec/2025:13:46:39 +0000] \"POST /api/auth/sign-up HTTP/1.1\" 400 92 \"-\" \"HTTPie\"","service":"acquisitions-api"}
{"level":"info","message":"::1 - - [20/Dec/2025:13:46:40 +0000] \"POST /api/auth/sign-up HTTP/1.1\" 400 92 \"-\" \"HTTPie\"","service":"acquisitions-api"}
{"level":"info","message":"::1 - - [20/Dec/2025:13:46:40 +0000] \"POST /api/auth/sign-up HTTP/1.1\" 400 92 \"-\" \"HTTPie\"","service":"acquisitions-api"}
{"level":"info","message":"::1 - - [20/Dec/2025:13:46:40 +0000] \"POST /api/auth/sign-up HTTP/1.1\" 400 92 \"-\" \"HTTPie\"","service":"acquisitions-api"}
{"level":"info","message":"::1 - - [20/Dec/2025:13:46:40 +0000] \"POST /api/auth/sign-up HTTP/1.1\" 400 92 \"-\" \"HTTPie\"","service":"acquisitions-api"}
{"level":"info","message":"::1 - - [20/Dec/2025:13:46:40 +0000] \"POST /api/auth/sign-up HTTP/1.1\" 400 92 \"-\" \"HTTPie\"","service":"acquisitions-api"}
{"level":"info","message":"::1 - - [20/Dec/2025:13:46:40 +0000] \"POST /api/auth/sign-up HTTP/1.1\" 400 92 \"-\" \"HTTPie\"","service":"acquisitions-api"}
{"level":"info","message":"::1 - - [20/Dec/2025:13:46:40 +0000] \"POST /api/auth/sign-up HTTP/1.1\" 400 92 \"-\" \"HTTPie\"","service":"acquisitions-api"}
{"level":"info","message":"::1 - - [20/Dec/2025:13:46:41 +0000] \"POST /api/auth/sign-up HTTP/1.1\" 400 92 \"-\" \"HTTPie\"","service":"acquisitions-api"}
{"body":{"emali":"admin@gmail.com","name":"Admin","password":"123456","role":"admin"},"issues":[{"code":"invalid_type","expected":"string","message":"Invalid input: expected string, received undefined","path":["email"]}],"level":"warn","message":"Signup validation failed","service":"acquisitions-api"}
{"level":"info","message":"::1 - - [20/Dec/2025:13:49:49 +0000] \"POST /api/auth/sign-up HTTP/1.1\" 400 99 \"-\" \"HTTPie\"","service":"acquisitions-api"}
{"body":{"emali":"admin@gmail.com","name":"Admin","password":"123456","role":"admin"},"issues":[{"code":"invalid_type","expected":"string","message":"Invalid input: expected string, received undefined","path":["email"]}],"level":"warn","message":"Signup validation failed","service":"acquisitions-api"}
{"level":"info","message":"::1 - - [20/Dec/2025:13:49:50 +0000] \"POST /api/auth/sign-up HTTP/1.1\" 400 99 \"-\" \"HTTPie\"","service":"acquisitions-api"}
{"body":{"emali":"admin@gmail.com","name":"Admin","password":"123456","role":"admin"},"issues":[{"code":"invalid_type","expected":"string","message":"Invalid input: expected string, received undefined","path":["email"]}],"level":"warn","message":"Signup validation failed","service":"acquisitions-api"}
{"level":"info","message":"::1 - - [20/Dec/2025:13:49:50 +0000] \"POST /api/auth/sign-up HTTP/1.1\" 400 99 \"-\" \"HTTPie\"","service":"acquisitions-api"}
{"body":{"emali":"admin@gmail.com","name":"Admin","password":"123456","role":"admin"},"issues":[{"code":"invalid_type","expected":"string","message":"Invalid input: expected string, received undefined","path":["email"]}],"level":"warn","message":"Signup validation failed","service":"acquisitions-api"}
{"level":"info","message":"::1 - - [20/Dec/2025:13:49:50 +0000] \"POST /api/auth/sign-up HTTP/1.1\" 400 99 \"-\" \"HTTPie\"","service":"acquisitions-api"}
{"body":{"emali":"admin@gmail.com","name":"Admin","password":"123456","role":"admin"},"issues":[{"code":"invalid_type","expected":"string","message":"Invalid input: expected string, received undefined","path":["email"]}],"level":"warn","message":"Signup validation failed","service":"acquisitions-api"}
{"level":"info","message":"::1 - - [20/Dec/2025:13:49:50 +0000] \"POST /api/auth/sign-up HTTP/1.1\" 400 99 \"-\" \"HTTPie\"","service":"acquisitions-api"}
{"body":{"emali":"admin@gmail.com","name":"Admin","password":"123456","role":"admin"},"issues":[{"code":"invalid_type","expected":"string","message":"Invalid input: expected string, received undefined","path":["email"]}],"level":"warn","message":"Signup validation failed","service":"acquisitions-api"}
{"level":"info","message":"::1 - - [20/Dec/2025:13:49:51 +0000] \"POST /api/auth/sign-up HTTP/1.1\" 400 99 \"-\" \"HTTPie\"","service":"acquisitions-api"}
{"body":{"emali":"admin@gmail.com","name":"Admin","password":"123456","role":"admin"},"issues":[{"code":"invalid_type","expected":"string","message":"Invalid input: expected string, received undefined","path":["email"]}],"level":"warn","message":"Signup validation failed","service":"acquisitions-api"}
{"level":"info","message":"::1 - - [20/Dec/2025:13:49:51 +0000] \"POST /api/auth/sign-up HTTP/1.1\" 400 99 \"-\" \"HTTPie\"","service":"acquisitions-api"}
{"body":{"emali":"admin@gmail.com","name":"Admin","password":"123456","role":"admin"},"issues":[{"code":"invalid_type","expected":"string","message":"Invalid input: expected string, received undefined","path":["email"]}],"level":"warn","message":"Signup validation failed","service":"acquisitions-api"}
{"level":"info","message":"::1 - - [20/Dec/2025:13:49:51 +0000] \"POST /api/auth/sign-up HTTP/1.1\" 400 99 \"-\" \"HTTPie\"","service":"acquisitions-api"}
{"body":{"emali":"admin@gmail.com","name":"Admin","password":"123456","role":"admin"},"issues":[{"code":"invalid_type","expected":"string","message":"Invalid input: expected string, received undefined","path":["email"]}],"level":"warn","message":"Signup validation failed","service":"acquisitions-api"}
{"level":"info","message":"::1 - - [20/Dec/2025:13:49:51 +0000] \"POST /api/auth/sign-up HTTP/1.1\" 400 99 \"-\" \"HTTPie\"","service":"acquisitions-api"}
{"body":{"emali":"admin@gmail.com","name":"Admin","password":"123456","role":"admin"},"issues":[{"code":"invalid_type","expected":"string","message":"Invalid input: expected string, received undefined","path":["email"]}],"level":"warn","message":"Signup validation failed","service":"acquisitions-api"}
{"level":"info","message":"::1 - - [20/Dec/2025:13:49:51 +0000] \"POST /api/auth/sign-up HTTP/1.1\" 400 99 \"-\" \"HTTPie\"","service":"acquisitions-api"}
{"body":{"emali":"admin@gmail.com","name":"Admin","password":"123456","role":"admin"},"issues":[{"code":"invalid_type","expected":"string","message":"Invalid input: expected string, received undefined","path":["email"]}],"level":"warn","message":"Signup validation failed","service":"acquisitions-api"}
{"level":"info","message":"::1 - - [20/Dec/2025:13:50:43 +0000] \"POST /api/auth/sign-up HTTP/1.1\" 400 92 \"-\" \"HTTPie\"","service":"acquisitions-api"}
{"body":{"emali":"admin@gmail.com","name":"Admin","password":"123456","role":"admin"},"issues":[{"code":"invalid_type","expected":"string","message":"Invalid input: expected string, received undefined","path":["email"]}],"level":"warn","message":"Signup validation failed","service":"acquisitions-api"}
{"level":"info","message":"::1 - - [20/Dec/2025:13:50:43 +0000] \"POST /api/auth/sign-up HTTP/1.1\" 400 92 \"-\" \"HTTPie\"","service":"acquisitions-api"}
{"body":{"emali":"admin@gmail.com","name":"Admin","password":"123456","role":"admin"},"issues":[{"code":"invalid_type","expected":"string","message":"Invalid input: expected string, received undefined","path":["email"]}],"level":"warn","message":"Signup validation failed","service":"acquisitions-api"}
{"level":"info","message":"::1 - - [20/Dec/2025:13:50:44 +0000] \"POST /api/auth/sign-up HTTP/1.1\" 400 92 \"-\" \"HTTPie\"","service":"acquisitions-api"}
{"body":{"emali":"admin@gmail.com","name":"Admin","password":"123456","role":"admin"},"issues":[{"code":"invalid_type","expected":"string","message":"Invalid input: expected string, received undefined","path":["email"]}],"level":"warn","message":"Signup validation failed","service":"acquisitions-api"}
{"level":"info","message":"::1 - - [20/Dec/2025:13:50:44 +0000] \"POST /api/auth/sign-up HTTP/1.1\" 400 92 \"-\" \"HTTPie\"","service":"acquisitions-api"}
{"body":{"emali":"admin@gmail.com","name":"Admin","password":"123456","role":"admin"},"issues":[{"code":"invalid_type","expected":"string","message":"Invalid input: expected string, received undefined","path":["email"]}],"level":"warn","message":"Signup validation failed","service":"acquisitions-api"}
{"level":"info","message":"::1 - - [20/Dec/2025:13:50:44 +0000] \"POST /api/auth/sign-up HTTP/1.1\" 400 92 \"-\" \"HTTPie\"","service":"acquisitions-api"}
{"body":{"emali":"admin@gmail.com","name":"Admin","password":"123456","role":"admin"},"issues":[{"code":"invalid_type","expected":"string","message":"Invalid input: expected string, received undefined","path":["email"]}],"level":"warn","message":"Signup validation failed","service":"acquisitions-api"}
{"level":"info","message":"::1 - - [20/Dec/2025:13:50:44 +0000] \"POST /api/auth/sign-up HTTP/1.1\" 400 92 \"-\" \"HTTPie\"","service":"acquisitions-api"}
{"body":{"emali":"admin@gmail.com","name":"Admin","password":"123456","role":"admin"},"issues":[{"code":"invalid_type","expected":"string","message":"Invalid input: expected string, received undefined","path":["email"]}],"level":"warn","message":"Signup validation failed","service":"acquisitions-api"}
{"level":"info","message":"::1 - - [20/Dec/2025:13:50:44 +0000] \"POST /api/auth/sign-up HTTP/1.1\" 400 92 \"-\" \"HTTPie\"","service":"acquisitions-api"}
{"body":{"emali":"admin@gmail.com","name":"Admin","password":"123456","role":"admin"},"issues":[{"code":"invalid_type","expected":"string","message":"Invalid input: expected string, received undefined","path":["email"]}],"level":"warn","message":"Signup validation failed","service":"acquisitions-api"}
{"level":"info","message":"::1 - - [20/Dec/2025:13:50:45 +0000] \"POST /api/auth/sign-up HTTP/1.1\" 400 92 \"-\" \"HTTPie\"","service":"acquisitions-api"}
{"body":{"emali":"admin@gmail.com","name":"Admin","password":"123456","role":"admin"},"issues":[{"code":"invalid_type","expected":"string","message":"Invalid input: expected string, received undefined","path":["email"]}],"level":"warn","message":"Signup validation failed","service":"acquisitions-api"}
{"level":"info","message":"::1 - - [20/Dec/2025:13:50:45 +0000] \"POST /api/auth/sign-up HTTP/1.1\" 400 92 \"-\" \"HTTPie\"","service":"acquisitions-api"}
{"body":{"emali":"admin@gmail.com","name":"Admin","password":"123456","role":"admin"},"issues":[{"code":"invalid_type","expected":"string","message":"Invalid input: expected string, received undefined","path":["email"]}],"level":"warn","message":"Signup validation failed","service":"acquisitions-api"}
{"level":"info","message":"::1 - - [20/Dec/2025:13:50:45 +0000] \"POST /api/auth/sign-up HTTP/1.1\" 400 92 \"-\" \"HTTPie\"","service":"acquisitions-api"}
{"body":{"emali":"admin@gmail.com","name":"Admin","password":"123456","role":"admin"},"issues":[{"code":"invalid_type","expected":"string","message":"Invalid input: expected string, received undefined","path":["email"]}],"level":"warn","message":"Signup validation failed","service":"acquisitions-api"}
{"level":"info","message":"::1 - - [20/Dec/2025:13:50:45 +0000] \"POST /api/auth/sign-up HTTP/1.1\" 400 92 \"-\" \"HTTPie\"","service":"acquisitions-api"}
{"body":{"emali":"admin@gmail.com","name":"Admin","password":"123456","role":"admin"},"issues":[{"code":"invalid_type","expected":"string","message":"Invalid input: expected string, received undefined","path":["email"]}],"level":"warn","message":"Signup validation failed","service":"acquisitions-api"}
{"level":"info","message":"::1 - - [20/Dec/2025:13:50:45 +0000] \"POST /api/auth/sign-up HTTP/1.1\" 400 92 \"-\" \"HTTPie\"","service":"acquisitions-api"}
{"body":{"emali":"admin@gmail.com","name":"Admin","password":"123456","role":"admin"},"issues":[{"code":"invalid_type","expected":"string","message":"Invalid input: expected string, received undefined","path":["email"]}],"level":"warn","message":"Signup validation failed","service":"acquisitions-api"}
{"level":"info","message":"::1 - - [20/Dec/2025:13:50:45 +0000] \"POST /api/auth/sign-up HTTP/1.1\" 400 92 \"-\" \"HTTPie\"","service":"acquisitions-api"}
{"body":{"emali":"admin@gmail.com","name":"Admin","password":"123456","role":"admin"},"issues":[{"code":"invalid_type","expected":"string","message":"Invalid input: expected string, received undefined","path":["email"]}],"level":"warn","message":"Signup validation failed","service":"acquisitions-api"}
{"level":"info","message":"::1 - - [20/Dec/2025:13:50:46 +0000] \"POST /api/auth/sign-up HTTP/1.1\" 400 92 \"-\" \"HTTPie\"","service":"acquisitions-api"}
{"body":{"emali":"admin@gmail.com","name":"Admin","password":"123456","role":"admin"},"issues":[{"code":"invalid_type","expected":"string","message":"Invalid input: expected string, received undefined","path":["email"]}],"level":"warn","message":"Signup validation failed","service":"acquisitions-api"}
{"level":"info","message":"::1 - - [20/Dec/2025:13:50:46 +0000] \"POST /api/auth/sign-up HTTP/1.1\" 400 92 \"-\" \"HTTPie\"","service":"acquisitions-api"}
{"body":{"emali":"admin@gmail.com","name":"Admin","password":"123456","role":"admin"},"issues":[{"code":"invalid_type","expected":"string","message":"Invalid input: expected string, received undefined","path":["email"]}],"level":"warn","message":"Signup validation failed","service":"acquisitions-api"}
{"level":"info","message":"::1 - - [20/Dec/2025:13:50:46 +0000] \"POST /api/auth/sign-up HTTP/1.1\" 400 92 \"-\" \"HTTPie\"","service":"acquisitions-api"}
{"body":{"emali":"admin@gmail.com","name":"Admin","password":"123456","role":"admin"},"issues":[{"code":"invalid_type","expected":"string","message":"Invalid input: expected string, received undefined","path":["email"]}],"level":"warn","message":"Signup validation failed","service":"acquisitions-api"}
{"level":"info","message":"::1 - - [20/Dec/2025:13:50:46 +0000] \"POST /api/auth/sign-up HTTP/1.1\" 400 92 \"-\" \"HTTPie\"","service":"acquisitions-api"}
{"body":{"emali":"admin@gmail.com","name":"Admin","password":"123456","role":"admin"},"issues":[{"code":"invalid_type","expected":"string","message":"Invalid input: expected string, received undefined","path":["email"]}],"level":"warn","message":"Signup validation failed","service":"acquisitions-api"}
{"level":"info","message":"::1 - - [20/Dec/2025:13:50:47 +0000] \"POST /api/auth/sign-up HTTP/1.1\" 400 92 \"-\" \"HTTPie\"","service":"acquisitions-api"}
{"body":{"emali":"admin@gmail.com","name":"Admin","password":"123456","role":"admin"},"issues":[{"code":"invalid_type","expected":"string","message":"Invalid input: expected string, received undefined","path":["email"]}],"level":"warn","message":"Signup validation failed","service":"acquisitions-api"}
{"level":"info","message":"::1 - - [20/Dec/2025:13:50:47 +0000] \"POST /api/auth/sign-up HTTP/1.1\" 400 92 \"-\" \"HTTPie\"","service":"acquisitions-api"}
{"body":{"emali":"admin@gmail.com","name":"Admin","password":"123456","role":"admin"},"issues":[{"code":"invalid_type","expected":"string","message":"Invalid input: expected string, received undefined","path":["email"]}],"level":"warn","message":"Signup validation failed","service":"acquisitions-api"}
{"level":"info","message":"::1 - - [20/Dec/2025:13:53:15 +0000] \"POST /api/auth/sign-up HTTP/1.1\" 400 92 \"-\" \"HTTPie\"","service":"acquisitions-api"}
{"body":{"emali":"admin@gmail.com","name":"Admin","password":"123456","role":"admin"},"issues":[{"code":"invalid_type","expected":"string","message":"Invalid input: expected string, received undefined","path":["email"]}],"level":"warn","message":"Signup validation failed","service":"acquisitions-api"}
{"level":"info","message":"::1 - - [20/Dec/2025:13:53:15 +0000] \"POST /api/auth/sign-up HTTP/1.1\" 400 92 \"-\" \"HTTPie\"","service":"acquisitions-api"}
{"body":{"emali":"admin@gmail.com","name":"Admin","password":"123456","role":"admin"},"issues":[{"code":"invalid_type","expected":"string","message":"Invalid input: expected string, received undefined","path":["email"]}],"level":"warn","message":"Signup validation failed","service":"acquisitions-api"}
{"level":"info","message":"::1 - - [20/Dec/2025:13:53:16 +0000] \"POST /api/auth/sign-up HTTP/1.1\" 400 92 \"-\" \"HTTPie\"","service":"acquisitions-api"}
{"body":{"emali":"admin@gmail.com","name":"Admin","password":"123456","role":"admin"},"issues":[{"code":"invalid_type","expected":"string","message":"Invalid input: expected string, received undefined","path":["email"]}],"level":"warn","message":"Signup validation failed","service":"acquisitions-api"}
{"level":"info","message":"::1 - - [20/Dec/2025:13:53:16 +0000] \"POST /api/auth/sign-up HTTP/1.1\" 400 92 \"-\" \"HTTPie\"","service":"acquisitions-api"}
{"body":{"emali":"admin@gmail.com","name":"Admin","password":"123456","role":"admin"},"issues":[{"code":"invalid_type","expected":"string","message":"Invalid input: expected string, received undefined","path":["email"]}],"level":"warn","message":"Signup validation failed","service":"acquisitions-api"}
{"level":"info","message":"::1 - - [20/Dec/2025:13:53:16 +0000] \"POST /api/auth/sign-up HTTP/1.1\" 400 92 \"-\" \"HTTPie\"","service":"acquisitions-api"}
{"body":{"emali":"admin@gmail.com","name":"Admin","password":"123456","role":"admin"},"issues":[{"code":"invalid_type","expected":"string","message":"Invalid input: expected string, received undefined","path":["email"]}],"level":"warn","message":"Signup validation failed","service":"acquisitions-api"}
{"level":"info","message":"::1 - - [20/Dec/2025:13:53:16 +0000] \"POST /api/auth/sign-up HTTP/1.1\" 400 92 \"-\" \"HTTPie\"","service":"acquisitions-api"}
{"body":{"emali":"admin@gmail.com","name":"Admin","password":"123456","role":"admin"},"issues":[{"code":"invalid_type","expected":"string","message":"Invalid input: expected string, received undefined","path":["email"]}],"level":"warn","message":"Signup validation failed","service":"acquisitions-api"}
{"level":"info","message":"::1 - - [20/Dec/2025:13:53:46 +0000] \"POST /api/auth/sign-up HTTP/1.1\" 400 92 \"-\" \"HTTPie\"","service":"acquisitions-api"}
